<?xml version="1.0" encoding="UTF-8"?>
<testsuite xmlns:xsi="http://www.w3.org/2001/XMLSchema-instance" xsi:noNamespaceSchemaLocation="https://maven.apache.org/surefire/maven-surefire-plugin/xsd/surefire-test-report.xsd" version="3.0.2" name="br.com.fiap.tds.twotdspj.javaadv.taskManager.TaskManagerApplicationTests" time="5.129" tests="1" errors="0" skipped="0" failures="0">
  <properties>
[...]
</properties>
  <testcase name="contextLoads" classname="br.com.fiap.tds.twotdspj.javaadv.taskManager.TaskManagerApplicationTests" time="0.366">
    <system-out><![CDATA[10:44:39.448 [main] INFO org.springframework.test.context.support.AnnotationConfigContextLoaderUtils -- Could not detect default configuration classes for test class [br.com.fiap.tds.twotdspj.javaadv.taskManager.TaskManagerApplicationTests]: TaskManagerApplicationTests does not declare any static, non-private, non-final, nested classes annotated with @Configuration.
10:44:39.575 [main] INFO org.springframework.boot.test.context.SpringBootTestContextBootstrapper -- Found @SpringBootConfiguration br.com.fiap.tds.twotdspj.javaadv.taskManager.TaskManagerApplication for test class br.com.fiap.tds.twotdspj.javaadv.taskManager.TaskManagerApplicationTests
10:44:39.784 [main] INFO org.springframework.boot.devtools.restart.RestartApplicationListener -- Restart disabled due to context in which it is running

  .   ____          _            __ _ _
 /\\ / ___'_ __ _ _(_)_ __  __ _ \ \ \ \
( ( )\___ | '_ | '_| | '_ \/ _` | \ \ \ \
 \\/  ___)| |_)| | | | | || (_| |  ) ) ) )
  '  |____| .__|_| |_|_| |_\__, | / / / /
 =========|_|==============|___/=/_/_/_/

 :: Spring Boot ::                (v3.4.4)

2025-10-15T10:44:40.098-03:00  INFO 8156 --- [           main] .c.f.t.t.j.t.TaskManagerApplicationTests : Starting TaskManagerApplicationTests using Java 17.0.15 with PID 8156 (started by labsfiap in C:\Users\labsfiap\Desktop\2025-2TDSPJ-CP5)
2025-10-15T10:44:40.099-03:00  INFO 8156 --- [           main] .c.f.t.t.j.t.TaskManagerApplicationTests : No active profile set, falling back to 1 default profile: "default"
2025-10-15T10:44:40.137-03:00 DEBUG 8156 --- [           main] o.s.w.c.s.GenericWebApplicationContext   : Refreshing org.springframework.web.context.support.GenericWebApplicationContext@46292372
2025-10-15T10:44:40.822-03:00  INFO 8156 --- [           main] .s.d.r.c.RepositoryConfigurationDelegate : Bootstrapping Spring Data JPA repositories in DEFAULT mode.
2025-10-15T10:44:40.895-03:00  INFO 8156 --- [           main] .s.d.r.c.RepositoryConfigurationDelegate : Finished Spring Data repository scanning in 61 ms. Found 2 JPA repository interfaces.
2025-10-15T10:44:41.376-03:00  INFO 8156 --- [           main] o.hibernate.jpa.internal.util.LogHelper  : HHH000204: Processing PersistenceUnitInfo [name: default]
2025-10-15T10:44:41.448-03:00  INFO 8156 --- [           main] org.hibernate.Version                    : HHH000412: Hibernate ORM core version 6.6.11.Final
2025-10-15T10:44:41.485-03:00  INFO 8156 --- [           main] o.h.c.internal.RegionFactoryInitiator    : HHH000026: Second-level cache disabled
2025-10-15T10:44:41.870-03:00  INFO 8156 --- [           main] o.s.o.j.p.SpringPersistenceUnitInfo      : No LoadTimeWeaver setup: ignoring JPA class transformer
2025-10-15T10:44:41.904-03:00  INFO 8156 --- [           main] com.zaxxer.hikari.HikariDataSource       : HikariPool-1 - Starting...
2025-10-15T10:44:42.105-03:00  INFO 8156 --- [           main] com.zaxxer.hikari.pool.HikariPool        : HikariPool-1 - Added connection conn0: url=jdbc:h2:mem:taskdb user=SA
2025-10-15T10:44:42.107-03:00  INFO 8156 --- [           main] com.zaxxer.hikari.HikariDataSource       : HikariPool-1 - Start completed.
2025-10-15T10:44:42.173-03:00  INFO 8156 --- [           main] org.hibernate.orm.connections.pooling    : HHH10001005: Database info:
	Database JDBC URL [Connecting through datasource 'HikariDataSource (HikariPool-1)']
	Database driver: undefined/unknown
	Database version: 2.3.232
	Autocommit mode: undefined/unknown
	Isolation level: undefined/unknown
	Minimum pool size: undefined/unknown
	Maximum pool size: undefined/unknown
2025-10-15T10:44:43.008-03:00  INFO 8156 --- [           main] o.h.e.t.j.p.i.JtaPlatformInitiator       : HHH000489: No JTA platform available (set 'hibernate.transaction.jta.platform' to enable JTA platform integration)
Hibernate: 
    create table tasks (
        id bigint generated by default as identity,
        completion_date date,
        creation_date date not null,
        description varchar(500),
        due_date date,
        inutil varchar(255),
        priority enum ('HIGH','LOW','MEDIUM') not null,
        status enum ('COMPLETED','IN_PROGRESS','PENDING') not null,
        title varchar(100) not null,
        primary key (id)
    )
Hibernate: 
    create table users (
        id uuid not null,
        email varchar(100) not null,
        name varchar(100) not null,
        password varchar(255) not null,
        primary key (id)
    )
2025-10-15T10:44:43.073-03:00  INFO 8156 --- [           main] j.LocalContainerEntityManagerFactoryBean : Initialized JPA EntityManagerFactory for persistence unit 'default'
2025-10-15T10:44:43.532-03:00  WARN 8156 --- [           main] JpaBaseConfiguration$JpaWebConfiguration : spring.jpa.open-in-view is enabled by default. Therefore, database queries may be performed during view rendering. Explicitly configure spring.jpa.open-in-view to disable this warning
2025-10-15T10:44:43.626-03:00 DEBUG 8156 --- [           main] s.w.s.m.m.a.RequestMappingHandlerMapping : 14 mappings in 'requestMappingHandlerMapping'
2025-10-15T10:44:43.726-03:00 DEBUG 8156 --- [           main] o.s.w.s.handler.SimpleUrlHandlerMapping  : Patterns [/webjars/**, /**] in 'resourceHandlerMapping'
2025-10-15T10:44:43.755-03:00 DEBUG 8156 --- [           main] s.w.s.m.m.a.RequestMappingHandlerAdapter : ControllerAdvice beans: 0 @ModelAttribute, 0 @InitBinder, 1 RequestBodyAdvice, 1 ResponseBodyAdvice
2025-10-15T10:44:43.831-03:00 DEBUG 8156 --- [           main] .m.m.a.ExceptionHandlerExceptionResolver : ControllerAdvice beans: 0 @ExceptionHandler, 1 ResponseBodyAdvice
2025-10-15T10:44:43.864-03:00  INFO 8156 --- [           main] o.s.b.a.h2.H2ConsoleAutoConfiguration    : H2 console available at '/console'. Database available at 'jdbc:h2:mem:taskdb'
2025-10-15T10:44:43.924-03:00  INFO 8156 --- [           main] .c.f.t.t.j.t.TaskManagerApplicationTests : Started TaskManagerApplicationTests in 4.156 seconds (process running for 5.126)
Task 1: Complete project proposal, Priority: HIGH
Task 2: Update database schema, Priority: MEDIUM
Task 3: Write unit tests, Priority: MEDIUM
Task 4: Team meeting, Priority: LOW
Task 5: Fix UI bugs, Priority: HIGH
Task 6: Deploy to production, Priority: HIGH
Task 7: Review code, Priority: MEDIUM
Task 8: Update documentation, Priority: LOW
Task 9: Optimize performance, Priority: MEDIUM
Task 10: Client feedback session, Priority: HIGH
Hibernate: 
    insert 
    into
        tasks
        (completion_date, creation_date, description, due_date, inutil, priority, status, title, id) 
    values
        (?, ?, ?, ?, ?, ?, ?, ?, default)
Hibernate: 
    insert 
    into
        tasks
        (completion_date, creation_date, description, due_date, inutil, priority, status, title, id) 
    values
        (?, ?, ?, ?, ?, ?, ?, ?, default)
Hibernate: 
    insert 
    into
        tasks
        (completion_date, creation_date, description, due_date, inutil, priority, status, title, id) 
    values
        (?, ?, ?, ?, ?, ?, ?, ?, default)
Hibernate: 
    insert 
    into
        tasks
        (completion_date, creation_date, description, due_date, inutil, priority, status, title, id) 
    values
        (?, ?, ?, ?, ?, ?, ?, ?, default)
Hibernate: 
    insert 
    into
        tasks
        (completion_date, creation_date, description, due_date, inutil, priority, status, title, id) 
    values
        (?, ?, ?, ?, ?, ?, ?, ?, default)
Hibernate: 
    insert 
    into
        tasks
        (completion_date, creation_date, description, due_date, inutil, priority, status, title, id) 
    values
        (?, ?, ?, ?, ?, ?, ?, ?, default)
Hibernate: 
    insert 
    into
        tasks
        (completion_date, creation_date, description, due_date, inutil, priority, status, title, id) 
    values
        (?, ?, ?, ?, ?, ?, ?, ?, default)
Hibernate: 
    insert 
    into
        tasks
        (completion_date, creation_date, description, due_date, inutil, priority, status, title, id) 
    values
        (?, ?, ?, ?, ?, ?, ?, ?, default)
Hibernate: 
    insert 
    into
        tasks
        (completion_date, creation_date, description, due_date, inutil, priority, status, title, id) 
    values
        (?, ?, ?, ?, ?, ?, ?, ?, default)
Hibernate: 
    insert 
    into
        tasks
        (completion_date, creation_date, description, due_date, inutil, priority, status, title, id) 
    values
        (?, ?, ?, ?, ?, ?, ?, ?, default)
]]></system-out>
  </testcase>
</testsuite>